<?xml version="1.0" encoding="UTF-8"?>
<testng-results ignored="0" total="1" passed="1" failed="0" skipped="0">
  <reporter-output>
  </reporter-output>
  <suite started-at="2024-01-22T12:56:16 IST" name="Suite" finished-at="2024-01-22T12:56:35 IST" duration-ms="19291">
    <groups>
      <group name="cucumber">
        <method signature="AbstractTestNGCucumberTests.runScenario(io.cucumber.testng.PickleWrapper,io.cucumber.testng.FeatureWrapper)[pri:0, instance:finalfeatures.FinalRunner@673fdbce]" name="runScenario" class="io.cucumber.testng.AbstractTestNGCucumberTests"/>
      </group> <!-- cucumber -->
    </groups>
    <test started-at="2024-01-22T12:56:16 IST" name="cucmberTest" finished-at="2024-01-22T12:56:35 IST" duration-ms="19291">
      <class name="finalfeatures.FinalRunner">
        <test-method is-config="true" signature="setUpClass(org.testng.ITestContext)[pri:0, instance:finalfeatures.FinalRunner@673fdbce]" started-at="2024-01-22T12:56:16 IST" name="setUpClass" finished-at="2024-01-22T12:56:16 IST" duration-ms="225" status="PASS">
          <params>
            <param index="0">
              <value>
                <![CDATA[org.testng.TestRunner@2fd1ad8a]]>
              </value>
            </param>
          </params>
          <reporter-output>
          </reporter-output>
        </test-method> <!-- setUpClass -->
        <test-method signature="runScenario(io.cucumber.testng.PickleWrapper,io.cucumber.testng.FeatureWrapper)[pri:0, instance:finalfeatures.FinalRunner@673fdbce]" started-at="2024-01-22T12:56:16 IST" name="runScenario" description="Runs Cucumber Scenarios" data-provider="scenarios" finished-at="2024-01-22T12:56:35 IST" duration-ms="19004" status="PASS">
          <params>
            <param index="0">
              <value>
                <![CDATA["Login with valid credentials"]]>
              </value>
            </param>
            <param index="1">
              <value>
                <![CDATA["Application Login"]]>
              </value>
            </param>
          </params>
          <reporter-output>
          </reporter-output>
        </test-method> <!-- runScenario -->
        <test-method is-config="true" signature="tearDownClass()[pri:0, instance:finalfeatures.FinalRunner@673fdbce]" started-at="2024-01-22T12:56:35 IST" name="tearDownClass" finished-at="2024-01-22T12:56:35 IST" duration-ms="3" status="PASS">
          <reporter-output>
          </reporter-output>
        </test-method> <!-- tearDownClass -->
      </class> <!-- finalfeatures.FinalRunner -->
    </test> <!-- cucmberTest -->
  </suite> <!-- Suite -->
</testng-results>
